********* Archive Project on 2023-04-30 22:32:55 *********
GOWIN Version: 1.9.8.10
Archive file: C:\Users\Rahmet\Desktop\fgpa_Projects\tek_port_ram\tek_port_ram.gar
Archive files successfully


********* Archived files *********
C:\Users\Rahmet\Desktop\fgpa_Projects\tek_port_ram\impl\gwsynthesis\tek_port_ram.prj
C:\Users\Rahmet\Desktop\fgpa_Projects\tek_port_ram\impl\gwsynthesis\tek_port_ram.vg
C:\Users\Rahmet\Desktop\fgpa_Projects\tek_port_ram\impl\gwsynthesis\tek_port_ram_syn.rpt.html
C:\Users\Rahmet\Desktop\fgpa_Projects\tek_port_ram\impl\gwsynthesis\tek_port_ram_syn_rsc.xml
C:\Users\Rahmet\Desktop\fgpa_Projects\tek_port_ram\impl\pnr\cmd.do
C:\Users\Rahmet\Desktop\fgpa_Projects\tek_port_ram\impl\pnr\device.cfg
C:\Users\Rahmet\Desktop\fgpa_Projects\tek_port_ram\impl\pnr\tek_port_ram.bin
C:\Users\Rahmet\Desktop\fgpa_Projects\tek_port_ram\impl\pnr\tek_port_ram.fs
C:\Users\Rahmet\Desktop\fgpa_Projects\tek_port_ram\impl\pnr\tek_port_ram.log
C:\Users\Rahmet\Desktop\fgpa_Projects\tek_port_ram\impl\pnr\tek_port_ram.pin.html
C:\Users\Rahmet\Desktop\fgpa_Projects\tek_port_ram\impl\pnr\tek_port_ram.power.html
C:\Users\Rahmet\Desktop\fgpa_Projects\tek_port_ram\impl\pnr\tek_port_ram.rpt.html
C:\Users\Rahmet\Desktop\fgpa_Projects\tek_port_ram\impl\pnr\tek_port_ram.rpt.txt
C:\Users\Rahmet\Desktop\fgpa_Projects\tek_port_ram\impl\pnr\tek_port_ram.timing_paths
C:\Users\Rahmet\Desktop\fgpa_Projects\tek_port_ram\impl\pnr\tek_port_ram.tr.html
C:\Users\Rahmet\Desktop\fgpa_Projects\tek_port_ram\impl\pnr\tek_port_ram_tr_cata.html
C:\Users\Rahmet\Desktop\fgpa_Projects\tek_port_ram\impl\pnr\tek_port_ram_tr_content.html
C:\Users\Rahmet\Desktop\fgpa_Projects\tek_port_ram\src\tek_port_ram.v
C:\Users\Rahmet\Desktop\fgpa_Projects\tek_port_ram\tek_port_ram.gprj
C:\Users\Rahmet\Desktop\fgpa_Projects\tek_port_ram\tek_port_ram.gprj.user

********* Total 20 files to archive *********

